#-----------------------------------------------------------
# Vivado v2018.3 (64-bit)
# SW Build 2405991 on Thu Dec  6 23:38:27 MST 2018
# IP Build 2404404 on Fri Dec  7 01:43:56 MST 2018
# Start of session at: Fri Jul 31 22:21:34 2020
# Process ID: 17468
# Current directory: C:/Users/Dell20/Desktop/xilinx/fir
# Command line: vivado.exe -gui_launcher_event rodinguilauncherevent8812 C:\Users\Dell20\Desktop\xilinx\fir\DDS_Addr_Generator.xpr
# Log file: C:/Users/Dell20/Desktop/xilinx/fir/vivado.log
# Journal file: C:/Users/Dell20/Desktop/xilinx/fir\vivado.jou
#-----------------------------------------------------------
start_gui
open_project C:/Users/Dell20/Desktop/xilinx/fir/DDS_Addr_Generator.xpr
INFO: [Project 1-313] Project file moved from 'C:/Users/Dell20/Desktop/xilinx/DDS_Addr_Generator' since last save.
Scanning sources...
Finished scanning sources
INFO: [IP_Flow 19-234] Refreshing IP repositories
INFO: [IP_Flow 19-1700] Loaded user IP repository 'c:/Users/Dell20/Desktop/ADC-IP'.
INFO: [IP_Flow 19-2313] Loaded Vivado IP repository 'D:/learn/vivado1/Vivado/2018.3/data/ip'.
open_project: Time (s): cpu = 00:00:23 ; elapsed = 00:00:11 . Memory (MB): peak = 783.309 ; gain = 184.723
update_compile_order -fileset sources_1
add_files -norecurse C:/Users/Dell20/Desktop/xilinx/fir/DDS_Addr_Generator.srcs/sources_1/new/lab_9.v
WARNING: [filemgmt 56-12] File 'C:/Users/Dell20/Desktop/xilinx/fir/DDS_Addr_Generator.srcs/sources_1/new/lab_9.v' cannot be added to the project because it already exists in the project, skipping this file
exit
INFO: [Common 17-206] Exiting Vivado at Fri Jul 31 22:24:15 2020...
