#-----------------------------------------------------------
# Vivado v2018.3 (64-bit)
# SW Build 2405991 on Thu Dec  6 23:38:27 MST 2018
# IP Build 2404404 on Fri Dec  7 01:43:56 MST 2018
# Start of session at: Fri Jul 31 22:24:49 2020
# Process ID: 18648
# Current directory: C:/Users/Dell20/Desktop/xilinx/fir
# Command line: vivado.exe -gui_launcher_event rodinguilauncherevent6628 C:\Users\Dell20\Desktop\xilinx\fir\DDS_Addr_Generator.xpr
# Log file: C:/Users/Dell20/Desktop/xilinx/fir/vivado.log
# Journal file: C:/Users/Dell20/Desktop/xilinx/fir\vivado.jou
#-----------------------------------------------------------
start_gui
open_project C:/Users/Dell20/Desktop/xilinx/fir/DDS_Addr_Generator.xpr
INFO: [Project 1-313] Project file moved from 'C:/Users/Dell20/Desktop/xilinx/DDS_Addr_Generator' since last save.
CRITICAL WARNING: [Project 1-311] Could not find the file 'C:/Users/Dell20/Desktop/xilinx/fir/DDS_Addr_Generator.srcs/sources_1/new/lab_9.v', nor could it be found using path 'C:/Users/Dell20/Desktop/xilinx/DDS_Addr_Generator/DDS_Addr_Generator.srcs/sources_1/new/lab_9.v'.
Scanning sources...
Finished scanning sources
INFO: [IP_Flow 19-234] Refreshing IP repositories
INFO: [IP_Flow 19-1700] Loaded user IP repository 'c:/Users/Dell20/Desktop/ADC-IP'.
INFO: [IP_Flow 19-2313] Loaded Vivado IP repository 'D:/learn/vivado1/Vivado/2018.3/data/ip'.
open_project: Time (s): cpu = 00:00:18 ; elapsed = 00:00:08 . Memory (MB): peak = 784.805 ; gain = 158.285
update_compile_order -fileset sources_1
update_compile_order -fileset sources_1
update_compile_order -fileset sources_1
close [ open C:/Users/Dell20/Desktop/xilinx/fir/DDS_Addr_Generator.srcs/sources_1/new/firtop.v w ]
add_files C:/Users/Dell20/Desktop/xilinx/fir/DDS_Addr_Generator.srcs/sources_1/new/firtop.v
update_compile_order -fileset sources_1
update_compile_order -fileset sources_1
export_ip_user_files -of_objects  [get_files C:/Users/Dell20/Desktop/xilinx/fir/DDS_Addr_Generator.srcs/sources_1/new/lab_9.v] -no_script -reset -force -quiet
remove_files  C:/Users/Dell20/Desktop/xilinx/fir/DDS_Addr_Generator.srcs/sources_1/new/lab_9.v
file delete -force C:/Users/Dell20/Desktop/xilinx/fir/DDS_Addr_Generator.srcs/sources_1/new/lab_9.v
reset_run synth_1
launch_runs impl_1 -jobs 4
[Fri Jul 31 22:29:17 2020] Launched synth_1...
Run output will be captured here: C:/Users/Dell20/Desktop/xilinx/fir/DDS_Addr_Generator.runs/synth_1/runme.log
[Fri Jul 31 22:29:17 2020] Launched impl_1...
Run output will be captured here: C:/Users/Dell20/Desktop/xilinx/fir/DDS_Addr_Generator.runs/impl_1/runme.log
export_ip_user_files -of_objects  [get_files C:/Users/Dell20/Desktop/xilinx/fir/DDS_Addr_Generator.srcs/sim_1/new/testbench.v] -no_script -reset -force -quiet
remove_files  -fileset sim_1 C:/Users/Dell20/Desktop/xilinx/fir/DDS_Addr_Generator.srcs/sim_1/new/testbench.v
file delete -force C:/Users/Dell20/Desktop/xilinx/fir/DDS_Addr_Generator.srcs/sim_1/new/testbench.v
exit
INFO: [Common 17-206] Exiting Vivado at Sat Aug  1 02:38:08 2020...
